2022-07-30 00:13:46-log: [Package] menu@1.0.0 enable
2022-07-30 00:13:46-log: [Package] profile@1.0.0 enable
2022-07-30 00:13:46-log: [Package] messages@1.0.0 enable
2022-07-30 00:13:46-log: [Package] ui-kit@1.0.0 enable
2022-07-30 00:13:46-log: [Package] device@1.0.1 enable
2022-07-30 00:13:46-log: [Package] tester@1.0.0 enable
2022-07-30 00:13:46-log: [Package] preferences@1.0.0 enable
2022-07-30 00:13:47-log: Setup mods mgr.: 202.193ms
2022-07-30 00:13:46-log: [Package] program@1.0.0 enable
2022-07-30 00:13:50-log: [Package] programming@1.0.0 enable
2022-07-30 00:13:50-log: [Package] asset-db@1.0.0 enable
2022-07-30 00:13:47-log: [Package] engine@1.0.5 enable
2022-07-30 00:13:50-log: [Package] console@1.0.0 enable
2022-07-30 00:13:51-log: [Package] about@1.0.0 enable
2022-07-30 00:13:50-log: [Package] scene@1.0.0 enable
2022-07-30 00:13:51-log: [Package] utils@1.0.0 enable
2022-07-30 00:13:51-log: [Package] inspector@1.0.0 enable
2022-07-30 00:13:51-log: [Package] server@1.0.0 enable
2022-07-30 00:13:53-log: [Package] preview@1.0.0 enable
2022-07-30 00:13:51-log: [Package] assets@1.0.0 enable
2022-07-30 00:13:51-log: [Package] hierarchy@1.0.0 enable
2022-07-30 00:13:53-log: [Package] animator@1.0.0 enable
2022-07-30 00:13:51-log: [Package] project@1.0.1 enable
2022-07-29T17:34:22.549Z - log: [Package] menu@1.0.0 enable
2022-07-29T17:34:22.550Z - log: [Package] profile@1.0.0 enable
2022-07-29T17:34:22.558Z - log: [Package] project@1.0.2 enable
2022-07-29T17:34:22.562Z - log: [Package] messages@1.0.0 enable
2022-07-29T17:34:22.566Z - log: [Package] program@1.0.0 enable
2022-07-29T17:34:22.569Z - log: [Package] tester@1.0.0 enable
2022-07-29T17:34:22.573Z - log: [Package] preferences@1.0.0 enable
2022-07-29T17:34:22.919Z - log: Setup mods mgr.: 158.954ms
2022-07-29T17:34:22.923Z - log: Profile changed: engine (modules.includeModules: 2d,3d,animation,audio,base,dragon-bones,gfx-webgl,gfx-webgl2,intersection-2d,marionette,particle,particle-2d,physics-2d-box2d,physics-ammo,primitive,profiler,skeletal-animation,spine,terrain,tiled-map,tween,ui,video,webview)
2022-07-29T17:34:22.939Z - verbose: [Engine] QuickCompile engine (328ms)
2022-07-29T17:34:22.940Z - log: [Package] engine@1.0.6 enable
2022-07-29T17:34:23.540Z - log: [Package] programming@1.0.0 enable
2022-07-29T17:34:23.879Z - log: [Package] device@1.0.1 enable
2022-07-29T17:34:23.905Z - log: [Package] ui-kit@1.0.1 enable
2022-07-29T17:34:23.930Z - log: [Package] engine-extends@1.0.0 enable
2022-07-29T17:34:23.977Z - log: [Package] asset-db@1.0.0 enable
2022-07-29T17:34:24.008Z - log: [Package] scene@1.0.0 enable
2022-07-29T17:34:24.120Z - log: [Package] server@1.0.0 enable
2022-07-29T17:34:24.146Z - log: [Package] utils@1.0.0 enable
2022-07-29T17:34:26.205Z - log: [Package] preview@1.0.1 enable
2022-07-29T17:34:26.232Z - log: [Package] animator@1.0.0 enable
2022-07-29T17:34:26.901Z - log: Profile changed: builder (log.level: 4)
2022-07-29T17:34:26.906Z - log: [Package] builder@1.3.2 enable
2022-07-29T17:34:26.936Z - log: [Package] shortcuts@1.0.1 enable
2022-07-29T17:34:26.964Z - log: [Package] animation-graph@1.0.0 enable
2022-07-29T17:34:26.989Z - log: [Package] runtime-dev-tools@1.0.0 enable
2022-07-29T17:34:27.011Z - log: [Package] channel-upload-tools@1.0.0 enable
2022-07-29T17:34:27.042Z - log: [Package] about@1.0.0 enable
2022-07-29T17:34:27.071Z - log: [Package] assets@1.0.0 enable
2022-07-29T17:34:27.100Z - log: [Package] console@1.0.0 enable
2022-07-29T17:34:27.219Z - log: [Package] extension@3.0.16 enable
2022-07-29T17:34:27.232Z - verbose: [AssetDB] Require engine code (663ms)
2022-07-29T17:34:27.248Z - log: [Package] hierarchy@1.0.0 enable
2022-07-29T17:34:27.278Z - log: [Package] inspector@1.0.0 enable
2022-07-29T17:34:27.309Z - log: [Package] lightmap@1.0.4 enable
2022-07-29T17:34:27.338Z - log: [Package] node-library@1.0.1 enable
2022-07-29T17:34:27.361Z - log: [Package] package-asset@1.0.0 enable
2022-07-29T17:34:27.392Z - log: [Package] process@1.0.0 enable
2022-07-29T17:34:27.423Z - log: [Package] reference-image@1.0.0 enable
2022-07-29T17:34:27.446Z - log: [Package] alipay-mini-game@1.0.0 enable
2022-07-29T17:34:27.470Z - log: [Package] android@1.0.0 enable
2022-07-29T17:34:27.495Z - log: [Package] baidu-mini-game@1.0.0 enable
2022-07-29T17:34:27.519Z - log: [Package] bytedance-mini-game@1.0.1 enable
2022-07-29T17:34:27.544Z - log: [Package] cocos-play@1.0.0 enable
2022-07-29T17:34:27.567Z - log: [Package] huawei-agc@1.0.0 enable
2022-07-29T17:34:27.594Z - log: [Package] huawei-quick-game@1.0.0 enable
2022-07-29T17:34:28.849Z - log: [Package] ios@1.0.0 enable
2022-07-29T17:34:28.871Z - log: [Package] ios-app-clip@1.0.0 enable
2022-07-29T17:34:28.896Z - log: [Package] link-sure@1.0.0 enable
2022-07-29T17:34:28.924Z - log: [Package] linux@1.0.0 enable
2022-07-29T17:34:28.950Z - log: [Package] mac@1.0.0 enable
2022-07-29T17:34:29.018Z - log: [Package] native@1.0.0 enable
2022-07-29T17:34:29.045Z - log: [Package] ohos@1.0.0 enable
2022-07-29T17:34:29.069Z - log: [Package] open-harmonyos@1.0.0 enable
2022-07-29T17:34:29.095Z - log: [Package] oppo-mini-game@1.0.0 enable
2022-07-29T17:34:29.119Z - log: [Package] qtt@1.0.0 enable
2022-07-29T17:34:29.144Z - log: [Package] vivo-mini-game@1.0.0 enable
2022-07-29T17:34:29.180Z - log: [Package] web-desktop@1.0.0 enable
2022-07-29T17:34:29.214Z - log: [Package] web-mobile@1.0.0 enable
2022-07-29T17:34:29.244Z - log: [Package] wechatgame@1.0.1 enable
2022-07-29T17:34:29.269Z - log: [Package] windows@1.0.0 enable
2022-07-29T17:34:29.296Z - log: [Package] xiaomi-quick-game@1.0.0 enable
2022-07-29T17:34:29.461Z - log: [Package] cocos-service@3.0.3 enable
2022-07-29T17:34:29.497Z - log: [Package] importer@1.0.0 enable
2022-07-29T17:34:29.676Z - log: [Im-plugin] Check im-plugin version.
2022-07-29T17:34:29.685Z - log: [Package] im-plugin@3.0.8 enable
2022-07-29T17:34:30.330Z - log: [Im-plugin] No online info of im-plugin.
2022-07-29T17:34:34.191Z - verbose: [Scene] Require engine code (0ms)
2022-07-29T17:34:34.192Z - verbose: [Scene] Startup engine (1ms)
2022-07-29T17:34:34.222Z - log: [Scene] Cocos Creator v3.5.2
2022-07-29T17:34:34.398Z - verbose: [Scene] Open engine (206ms)
2022-07-29T17:34:34.398Z - verbose: [Scene] Configure engine (0ms)
2022-07-29T17:34:34.283Z - info: [Scene] Forward render pipeline initialized.
2022-07-29T17:45:08.372Z - error: [Preview]TypeError: this.playerCtrl.setInputActive is not a function. (In 'this.playerCtrl.setInputActive(true)', 'this.playerCtrl.setInputActive' is undefined) in http://localhost:7456/scripting/x/chunks/d0/d0a0cd62feebe420d1996a12bf22d7f4c3d92701.js
2022-07-29T17:48:06.046Z - error: [Window] Cannot read property 'default' of undefinedTypeError: Cannot read property 'default' of undefined
    at /Applications/CocosCreator/Creator/3.5.2/CocosCreator.app/Contents/Resources/resources/3d/engine/editor/inspector/components/class.js:142:64
    at Array.forEach (<anonymous>)
    at Object.update (/Applications/CocosCreator/Creator/3.5.2/CocosCreator.app/Contents/Resources/resources/3d/engine/editor/inspector/components/class.js:98:29)
    at HTMLElement.update (/Applications/CocosCreator/Creator/3.5.2/CocosCreator.app/Contents/Resources/app.asar/node_modules/@editor/creator/dist/ui-kit/renderer/components/panel/index.ccc:1:1685)
    at /Applications/CocosCreator/Creator/3.5.2/CocosCreator.app/Contents/Resources/resources/3d/engine/editor/inspector/contributions/node.js:731:32
    at Array.forEach (<anonymous>)
    at /Applications/CocosCreator/Creator/3.5.2/CocosCreator.app/Contents/Resources/resources/3d/engine/editor/inspector/contributions/node.js:730:45
    at Array.forEach (<anonymous>)
    at Object.update (/Applications/CocosCreator/Creator/3.5.2/CocosCreator.app/Contents/Resources/resources/3d/engine/editor/inspector/contributions/node.js:708:42)
    at /Applications/CocosCreator/Creator/3.5.2/CocosCreator.app/Contents/Resources/resources/3d/engine/editor/inspector/contributions/node.js:292:54
2022-07-29T17:48:26.888Z - error: [Window] Cannot read property 'default' of undefinedTypeError: Cannot read property 'default' of undefined
    at /Applications/CocosCreator/Creator/3.5.2/CocosCreator.app/Contents/Resources/resources/3d/engine/editor/inspector/components/class.js:142:64
    at Array.forEach (<anonymous>)
    at Object.update (/Applications/CocosCreator/Creator/3.5.2/CocosCreator.app/Contents/Resources/resources/3d/engine/editor/inspector/components/class.js:98:29)
    at HTMLElement.update (/Applications/CocosCreator/Creator/3.5.2/CocosCreator.app/Contents/Resources/app.asar/node_modules/@editor/creator/dist/ui-kit/renderer/components/panel/index.ccc:1:1685)
    at /Applications/CocosCreator/Creator/3.5.2/CocosCreator.app/Contents/Resources/resources/3d/engine/editor/inspector/contributions/node.js:731:32
    at Array.forEach (<anonymous>)
    at /Applications/CocosCreator/Creator/3.5.2/CocosCreator.app/Contents/Resources/resources/3d/engine/editor/inspector/contributions/node.js:730:45
    at Array.forEach (<anonymous>)
    at Object.update (/Applications/CocosCreator/Creator/3.5.2/CocosCreator.app/Contents/Resources/resources/3d/engine/editor/inspector/contributions/node.js:708:42)
    at /Applications/CocosCreator/Creator/3.5.2/CocosCreator.app/Contents/Resources/resources/3d/engine/editor/inspector/contributions/node.js:292:54
2022-07-29T22:07:05.968Z - error: getImSetting failed
2022-07-30T01:51:53.134Z - error: getImSetting failed
2022-07-30T02:01:54.210Z - error: [Scene] {hidden(::SceneExecutorImportExceptionHandler::)} ReferenceError: PlayerController is not defined
    at Object.execute (file:///Users/xiejiapei/Documents/3D%20Game/Jump/temp/programming/packer-driver/targets/editor/chunks/7b/7b48fbe7636ea59ea4fc2418c181d86b015c7a2a.js:48:15)
    at doExec (/Applications/CocosCreator/Creator/3.5.2/CocosCreator.app/Contents/Resources/app.asar/node_modules/@editor/lib-programming/static/executor/systemjs-bridge/out/index.js:487:32)
    at postOrderExec (/Applications/CocosCreator/Creator/3.5.2/CocosCreator.app/Contents/Resources/app.asar/node_modules/@editor/lib-programming/static/executor/systemjs-bridge/out/index.js:483:10)
    at /Applications/CocosCreator/Creator/3.5.2/CocosCreator.app/Contents/Resources/app.asar/node_modules/@editor/lib-programming/static/executor/systemjs-bridge/out/index.js:440:12
    at async file:///Users/xiejiapei/Documents/3D%20Game/Jump/temp/programming/packer-driver/targets/editor/chunks/63/6324fd7f2a6a90bef45040fcb7ce34af0ba6a7d3.js:13:13
    at async Object.execute (file:///Users/xiejiapei/Documents/3D%20Game/Jump/temp/programming/packer-driver/targets/editor/chunks/63/6324fd7f2a6a90bef45040fcb7ce34af0ba6a7d3.js:8:7)
    at async Executor._importPrerequisiteModules (/Applications/CocosCreator/Creator/3.5.2/CocosCreator.app/Contents/Resources/app.asar/node_modules/@editor/lib-programming/dist/executor/index.js:208:13)
    at async Executor.reload (/Applications/CocosCreator/Creator/3.5.2/CocosCreator.app/Contents/Resources/app.asar/node_modules/@editor/lib-programming/dist/executor/index.js:130:9)Error: [Scene] {hidden(::SceneExecutorImportExceptionHandler::)} ReferenceError: PlayerController is not defined
    at /Applications/CocosCreator/Creator/3.5.2/CocosCreator.app/Contents/Resources/app.asar/node_modules/@editor/lib-programming/static/executor/systemjs-bridge/out/index.js:440:12
    at async file:///Users/xiejiapei/Documents/3D%20Game/Jump/temp/programming/packer-driver/targets/editor/chunks/63/6324fd7f2a6a90bef45040fcb7ce34af0ba6a7d3.js:13:13
    at async Object.execute (file:///Users/xiejiapei/Documents/3D%20Game/Jump/temp/programming/packer-driver/targets/editor/chunks/63/6324fd7f2a6a90bef45040fcb7ce34af0ba6a7d3.js:8:7)
    at async Executor._importPrerequisiteModules (/Applications/CocosCreator/Creator/3.5.2/CocosCreator.app/Contents/Resources/app.asar/node_modules/@editor/lib-programming/dist/executor/index.js:208:13)
    at async Executor.reload (/Applications/CocosCreator/Creator/3.5.2/CocosCreator.app/Contents/Resources/app.asar/node_modules/@editor/lib-programming/dist/executor/index.js:130:9)
    at Logger._logHandler (/Applications/CocosCreator/Creator/3.5.2/CocosCreator.app/Contents/Resources/app.asar/builtin/scene/dist/script/3d/manager/startup/log.ccc:1:289)
    at Logger.record (/Applications/CocosCreator/Creator/3.5.2/CocosCreator.app/Contents/Resources/app.asar/node_modules/@base/electron-logger/lib/renderer.ccc:1:458)
    at console.error (/Applications/CocosCreator/Creator/3.5.2/CocosCreator.app/Contents/Resources/app.asar/node_modules/@base/electron-logger/lib/renderer.ccc:1:1414)
    at ScriptManager._handleImportException (/Applications/CocosCreator/Creator/3.5.2/CocosCreator.app/Contents/Resources/app.asar/builtin/scene/dist/script/3d/manager/scripts.ccc:1:5116)
    at Executor.importExceptionHandler [as _importExceptionHandler] (/Applications/CocosCreator/Creator/3.5.2/CocosCreator.app/Contents/Resources/app.asar/builtin/scene/dist/script/3d/manager/scripts.ccc:1:3104)
    at Executor._onModuleLoaded (/Applications/CocosCreator/Creator/3.5.2/CocosCreator.app/Contents/Resources/app.asar/node_modules/@editor/lib-programming/dist/executor/index.js:253:22)
    at SystemJS.onload (/Applications/CocosCreator/Creator/3.5.2/CocosCreator.app/Contents/Resources/app.asar/node_modules/@editor/lib-programming/dist/executor/index.js:62:18)
    at triggerOnload (/Applications/CocosCreator/Creator/3.5.2/CocosCreator.app/Contents/Resources/app.asar/node_modules/@editor/lib-programming/static/executor/systemjs-bridge/out/index.js:270:10)
    at doExec (/Applications/CocosCreator/Creator/3.5.2/CocosCreator.app/Contents/Resources/app.asar/node_modules/@editor/lib-programming/static/executor/systemjs-bridge/out/index.js:511:7)
    at postOrderExec (/Applications/CocosCreator/Creator/3.5.2/CocosCreator.app/Contents/Resources/app.asar/node_modules/@editor/lib-programming/static/executor/systemjs-bridge/out/index.js:483:10)
2022-07-30T02:01:54.217Z - warn: [Scene] Missing class: 326d6DtDjZPxJ4SwTMVuYAeError: [Scene] Missing class: 326d6DtDjZPxJ4SwTMVuYAe
    at Object.classFinder (/Applications/CocosCreator/Creator/3.5.2/CocosCreator.app/Contents/Resources/app.asar/builtin/engine/dist/editor-extends/missing-reporter/missing-class-reporter.ccc:1:2218)
    at _Deserializer.classFinder [as _classFinder] (/Applications/CocosCreator/Creator/3.5.2/CocosCreator.app/Contents/Resources/resources/3d/engine/bin/.cache/dev/editor/bundled/index.js:102743:32)
    at _Deserializer._deserializeTypeTaggedObject (/Applications/CocosCreator/Creator/3.5.2/CocosCreator.app/Contents/Resources/resources/3d/engine/bin/.cache/dev/editor/bundled/index.js:111572:24)
    at _Deserializer._deserializeObject (/Applications/CocosCreator/Creator/3.5.2/CocosCreator.app/Contents/Resources/resources/3d/engine/bin/.cache/dev/editor/bundled/index.js:111513:23)
    at _Deserializer._deserializeAndAssignField (/Applications/CocosCreator/Creator/3.5.2/CocosCreator.app/Contents/Resources/resources/3d/engine/bin/.cache/dev/editor/bundled/index.js:111722:32)
    at _Deserializer._deserializeArray (/Applications/CocosCreator/Creator/3.5.2/CocosCreator.app/Contents/Resources/resources/3d/engine/bin/.cache/dev/editor/bundled/index.js:111547:34)
    at _Deserializer._deserializeObject (/Applications/CocosCreator/Creator/3.5.2/CocosCreator.app/Contents/Resources/resources/3d/engine/bin/.cache/dev/editor/bundled/index.js:111519:23)
2022-07-30T02:01:54.220Z - error: [Scene] Script "326d6DtDjZPxJ4SwTMVuYAe" attached to "GameManager" is missing or invalid. Detailed information:
Node path: "GameManager"
Script UUID: "326d60ed-0e36-4fc4-9e12-c13315b9801e"
Class ID: "326d6DtDjZPxJ4SwTMVuYAe"
Error: [Scene] Script "326d6DtDjZPxJ4SwTMVuYAe" attached to "GameManager" is missing or invalid. Detailed information:
Node path: "GameManager"
Script UUID: "326d60ed-0e36-4fc4-9e12-c13315b9801e"
Class ID: "326d6DtDjZPxJ4SwTMVuYAe"

    at report (/Applications/CocosCreator/Creator/3.5.2/CocosCreator.app/Contents/Resources/app.asar/builtin/engine/dist/editor-extends/missing-reporter/missing-class-reporter.ccc:1:1187)
    at reportByWalker (/Applications/CocosCreator/Creator/3.5.2/CocosCreator.app/Contents/Resources/app.asar/builtin/engine/dist/editor-extends/missing-reporter/missing-class-reporter.ccc:1:1283)
    at /Applications/CocosCreator/Creator/3.5.2/CocosCreator.app/Contents/Resources/app.asar/builtin/engine/dist/editor-extends/missing-reporter/missing-class-reporter.ccc:1:1979
    at ObjectWalkerBehavior.walk (/Applications/CocosCreator/Creator/3.5.2/CocosCreator.app/Contents/Resources/app.asar/builtin/engine/dist/editor-extends/missing-reporter/object-walker.ccc:1:2348)
    at ObjectWalkerBehavior.forEach (/Applications/CocosCreator/Creator/3.5.2/CocosCreator.app/Contents/Resources/app.asar/builtin/engine/dist/editor-extends/missing-reporter/object-walker.ccc:1:812)
    at ObjectWalkerBehavior.parseObject (/Applications/CocosCreator/Creator/3.5.2/CocosCreator.app/Contents/Resources/app.asar/builtin/engine/dist/editor-extends/missing-reporter/object-walker.ccc:1:306)
    at doWalkProperties (/Applications/CocosCreator/Creator/3.5.2/CocosCreator.app/Contents/Resources/app.asar/builtin/engine/dist/editor-extends/missing-reporter/object-walker.ccc:1:2143)
2022-07-30T02:01:55.200Z - error: [Preview]Can't find variable: PlayerController
2022-07-30T02:01:55.204Z - error: [Preview]execute@http://localhost:7456/scripting/x/chunks/ee/ee304c028477bcd2387d38dfe9d8b28194f9f7b7.js:48:31
doExec@http://localhost:7456/scripting/systemjs/system.js:444:38
@http://localhost:7456/scripting/systemjs/system.js:430:43
forEach@[native code]
postOrderExec@http://localhost:7456/scripting/systemjs/system.js:428:19
promiseReactionJob@[native code]
2022-07-30T02:03:01.849Z - error: [Scene] {hidden(::SceneExecutorImportExceptionHandler::)} ReferenceError: PlayerController is not defined
    at Object.execute (file:///Users/xiejiapei/Documents/3D%20Game/Jump/temp/programming/packer-driver/targets/editor/chunks/7b/7b48fbe7636ea59ea4fc2418c181d86b015c7a2a.js:48:15)
    at doExec (/Applications/CocosCreator/Creator/3.5.2/CocosCreator.app/Contents/Resources/app.asar/node_modules/@editor/lib-programming/static/executor/systemjs-bridge/out/index.js:487:32)
    at postOrderExec (/Applications/CocosCreator/Creator/3.5.2/CocosCreator.app/Contents/Resources/app.asar/node_modules/@editor/lib-programming/static/executor/systemjs-bridge/out/index.js:483:10)
    at /Applications/CocosCreator/Creator/3.5.2/CocosCreator.app/Contents/Resources/app.asar/node_modules/@editor/lib-programming/static/executor/systemjs-bridge/out/index.js:440:12
    at async file:///Users/xiejiapei/Documents/3D%20Game/Jump/temp/programming/packer-driver/targets/editor/chunks/63/6324fd7f2a6a90bef45040fcb7ce34af0ba6a7d3.js:13:13
    at async Object.execute (file:///Users/xiejiapei/Documents/3D%20Game/Jump/temp/programming/packer-driver/targets/editor/chunks/63/6324fd7f2a6a90bef45040fcb7ce34af0ba6a7d3.js:8:7)
    at async Executor._importPrerequisiteModules (/Applications/CocosCreator/Creator/3.5.2/CocosCreator.app/Contents/Resources/app.asar/node_modules/@editor/lib-programming/dist/executor/index.js:208:13)
    at async Executor.reload (/Applications/CocosCreator/Creator/3.5.2/CocosCreator.app/Contents/Resources/app.asar/node_modules/@editor/lib-programming/dist/executor/index.js:130:9)Error: [Scene] {hidden(::SceneExecutorImportExceptionHandler::)} ReferenceError: PlayerController is not defined
    at /Applications/CocosCreator/Creator/3.5.2/CocosCreator.app/Contents/Resources/app.asar/node_modules/@editor/lib-programming/static/executor/systemjs-bridge/out/index.js:440:12
    at async file:///Users/xiejiapei/Documents/3D%20Game/Jump/temp/programming/packer-driver/targets/editor/chunks/63/6324fd7f2a6a90bef45040fcb7ce34af0ba6a7d3.js:13:13
    at async Object.execute (file:///Users/xiejiapei/Documents/3D%20Game/Jump/temp/programming/packer-driver/targets/editor/chunks/63/6324fd7f2a6a90bef45040fcb7ce34af0ba6a7d3.js:8:7)
    at async Executor._importPrerequisiteModules (/Applications/CocosCreator/Creator/3.5.2/CocosCreator.app/Contents/Resources/app.asar/node_modules/@editor/lib-programming/dist/executor/index.js:208:13)
    at async Executor.reload (/Applications/CocosCreator/Creator/3.5.2/CocosCreator.app/Contents/Resources/app.asar/node_modules/@editor/lib-programming/dist/executor/index.js:130:9)
    at Logger._logHandler (/Applications/CocosCreator/Creator/3.5.2/CocosCreator.app/Contents/Resources/app.asar/builtin/scene/dist/script/3d/manager/startup/log.ccc:1:289)
    at Logger.record (/Applications/CocosCreator/Creator/3.5.2/CocosCreator.app/Contents/Resources/app.asar/node_modules/@base/electron-logger/lib/renderer.ccc:1:458)
    at console.error (/Applications/CocosCreator/Creator/3.5.2/CocosCreator.app/Contents/Resources/app.asar/node_modules/@base/electron-logger/lib/renderer.ccc:1:1414)
    at ScriptManager._handleImportException (/Applications/CocosCreator/Creator/3.5.2/CocosCreator.app/Contents/Resources/app.asar/builtin/scene/dist/script/3d/manager/scripts.ccc:1:5116)
    at Executor.importExceptionHandler [as _importExceptionHandler] (/Applications/CocosCreator/Creator/3.5.2/CocosCreator.app/Contents/Resources/app.asar/builtin/scene/dist/script/3d/manager/scripts.ccc:1:3104)
    at Executor._onModuleLoaded (/Applications/CocosCreator/Creator/3.5.2/CocosCreator.app/Contents/Resources/app.asar/node_modules/@editor/lib-programming/dist/executor/index.js:253:22)
    at SystemJS.onload (/Applications/CocosCreator/Creator/3.5.2/CocosCreator.app/Contents/Resources/app.asar/node_modules/@editor/lib-programming/dist/executor/index.js:62:18)
    at triggerOnload (/Applications/CocosCreator/Creator/3.5.2/CocosCreator.app/Contents/Resources/app.asar/node_modules/@editor/lib-programming/static/executor/systemjs-bridge/out/index.js:270:10)
    at doExec (/Applications/CocosCreator/Creator/3.5.2/CocosCreator.app/Contents/Resources/app.asar/node_modules/@editor/lib-programming/static/executor/systemjs-bridge/out/index.js:511:7)
    at postOrderExec (/Applications/CocosCreator/Creator/3.5.2/CocosCreator.app/Contents/Resources/app.asar/node_modules/@editor/lib-programming/static/executor/systemjs-bridge/out/index.js:483:10)
2022-07-30T02:03:01.853Z - warn: [Scene] Missing class: 326d6DtDjZPxJ4SwTMVuYAeError: [Scene] Missing class: 326d6DtDjZPxJ4SwTMVuYAe
    at Object.classFinder (/Applications/CocosCreator/Creator/3.5.2/CocosCreator.app/Contents/Resources/app.asar/builtin/engine/dist/editor-extends/missing-reporter/missing-class-reporter.ccc:1:2218)
    at _Deserializer.classFinder [as _classFinder] (/Applications/CocosCreator/Creator/3.5.2/CocosCreator.app/Contents/Resources/resources/3d/engine/bin/.cache/dev/editor/bundled/index.js:102743:32)
    at _Deserializer._deserializeTypeTaggedObject (/Applications/CocosCreator/Creator/3.5.2/CocosCreator.app/Contents/Resources/resources/3d/engine/bin/.cache/dev/editor/bundled/index.js:111572:24)
    at _Deserializer._deserializeObject (/Applications/CocosCreator/Creator/3.5.2/CocosCreator.app/Contents/Resources/resources/3d/engine/bin/.cache/dev/editor/bundled/index.js:111513:23)
    at _Deserializer._deserializeAndAssignField (/Applications/CocosCreator/Creator/3.5.2/CocosCreator.app/Contents/Resources/resources/3d/engine/bin/.cache/dev/editor/bundled/index.js:111722:32)
    at _Deserializer._deserializeArray (/Applications/CocosCreator/Creator/3.5.2/CocosCreator.app/Contents/Resources/resources/3d/engine/bin/.cache/dev/editor/bundled/index.js:111547:34)
    at _Deserializer._deserializeObject (/Applications/CocosCreator/Creator/3.5.2/CocosCreator.app/Contents/Resources/resources/3d/engine/bin/.cache/dev/editor/bundled/index.js:111519:23)
2022-07-30T02:03:01.854Z - error: [Scene] Script "326d6DtDjZPxJ4SwTMVuYAe" attached to "GameManager" is missing or invalid. Detailed information:
Node path: "GameManager"
Script UUID: "326d60ed-0e36-4fc4-9e12-c13315b9801e"
Class ID: "326d6DtDjZPxJ4SwTMVuYAe"
Error: [Scene] Script "326d6DtDjZPxJ4SwTMVuYAe" attached to "GameManager" is missing or invalid. Detailed information:
Node path: "GameManager"
Script UUID: "326d60ed-0e36-4fc4-9e12-c13315b9801e"
Class ID: "326d6DtDjZPxJ4SwTMVuYAe"

    at report (/Applications/CocosCreator/Creator/3.5.2/CocosCreator.app/Contents/Resources/app.asar/builtin/engine/dist/editor-extends/missing-reporter/missing-class-reporter.ccc:1:1187)
    at reportByWalker (/Applications/CocosCreator/Creator/3.5.2/CocosCreator.app/Contents/Resources/app.asar/builtin/engine/dist/editor-extends/missing-reporter/missing-class-reporter.ccc:1:1283)
    at /Applications/CocosCreator/Creator/3.5.2/CocosCreator.app/Contents/Resources/app.asar/builtin/engine/dist/editor-extends/missing-reporter/missing-class-reporter.ccc:1:1979
    at ObjectWalkerBehavior.walk (/Applications/CocosCreator/Creator/3.5.2/CocosCreator.app/Contents/Resources/app.asar/builtin/engine/dist/editor-extends/missing-reporter/object-walker.ccc:1:2348)
    at ObjectWalkerBehavior.forEach (/Applications/CocosCreator/Creator/3.5.2/CocosCreator.app/Contents/Resources/app.asar/builtin/engine/dist/editor-extends/missing-reporter/object-walker.ccc:1:812)
    at ObjectWalkerBehavior.parseObject (/Applications/CocosCreator/Creator/3.5.2/CocosCreator.app/Contents/Resources/app.asar/builtin/engine/dist/editor-extends/missing-reporter/object-walker.ccc:1:306)
    at doWalkProperties (/Applications/CocosCreator/Creator/3.5.2/CocosCreator.app/Contents/Resources/app.asar/builtin/engine/dist/editor-extends/missing-reporter/object-walker.ccc:1:2143)
2022-07-30T02:03:02.309Z - error: [Preview]Can't find variable: PlayerController
2022-07-30T02:03:02.311Z - error: [Preview]execute@http://localhost:7456/scripting/x/chunks/ee/ee304c028477bcd2387d38dfe9d8b28194f9f7b7.js:48:31
doExec@http://localhost:7456/scripting/systemjs/system.js:444:38
@http://localhost:7456/scripting/systemjs/system.js:430:43
forEach@[native code]
postOrderExec@http://localhost:7456/scripting/systemjs/system.js:428:19
promiseReactionJob@[native code]
2022-07-30T02:41:38.377Z - error: [Preview]load http://localhost:7456/scripting/x/chunks/6c/6cea9118b313aa76b67e6fd6577a4a82aae4c9d4.js failed
2022-07-30T02:41:38.378Z - error: [Preview]Error loading http://localhost:7456/scripting/x/chunks/6c/6cea9118b313aa76b67e6fd6577a4a82aae4c9d4.js (SystemJS Error#3 https://git.io/JvFET#3)
2022-07-30T02:41:38.378Z - error: [Preview]@http://localhost:7456/scripting/systemjs/system.js:624:21
2022-07-30T02:51:27.367Z - error: [Preview]load http://localhost:7456/assets/main/index.js failed
2022-07-30T03:02:36.533Z - error: ENOENT: no such file or directory, stat '/Users/xiejiapei/Documents/3D Game/Jump/temp/programming/packer-driver/targets/preview/mods/cce/internal/x/cc.js'Error: ENOENT: no such file or directory, stat '/Users/xiejiapei/Documents/3D Game/Jump/temp/programming/packer-driver/targets/preview/mods/cce/internal/x/cc.js'
2022-07-30T03:02:36.538Z - error: ENOENT: no such file or directory, stat '/Applications/CocosCreator/Creator/3.5.2/CocosCreator.app/Contents/Resources/resources/3d/engine/bin/.cache/dev/preview/external/_commonjsHelpers-9cedf210.js.js'Error: ENOENT: no such file or directory, stat '/Applications/CocosCreator/Creator/3.5.2/CocosCreator.app/Contents/Resources/resources/3d/engine/bin/.cache/dev/preview/external/_commonjsHelpers-9cedf210.js.js'
2022-07-30T03:02:36.539Z - error: ENOENT: no such file or directory, stat '/Applications/CocosCreator/Creator/3.5.2/CocosCreator.app/Contents/Resources/resources/3d/engine/bin/.cache/dev/preview/external/_rollupPluginBabelHelpers-77b9e6b6.js.js'Error: ENOENT: no such file or directory, stat '/Applications/CocosCreator/Creator/3.5.2/CocosCreator.app/Contents/Resources/resources/3d/engine/bin/.cache/dev/preview/external/_rollupPluginBabelHelpers-77b9e6b6.js.js'
2022-07-30T03:02:36.539Z - error: ENOENT: no such file or directory, stat '/Users/xiejiapei/Documents/3D Game/Jump/temp/programming/packer-driver/targets/preview/mods/file/Users/xiejiapei/Documents/3D Game/Jump/assets/Scipts/GameManager.js'Error: ENOENT: no such file or directory, stat '/Users/xiejiapei/Documents/3D Game/Jump/temp/programming/packer-driver/targets/preview/mods/file/Users/xiejiapei/Documents/3D Game/Jump/assets/Scipts/GameManager.js'
2022-07-30T03:02:36.540Z - error: ENOENT: no such file or directory, stat '/Users/xiejiapei/Documents/3D Game/Jump/temp/programming/packer-driver/targets/preview/mods/cce/internal/x/prerequisite-imports.js'Error: ENOENT: no such file or directory, stat '/Users/xiejiapei/Documents/3D Game/Jump/temp/programming/packer-driver/targets/preview/mods/cce/internal/x/prerequisite-imports.js'
2022-07-30T03:02:36.541Z - error: ENOENT: no such file or directory, stat '/Users/xiejiapei/Documents/3D Game/Jump/temp/programming/packer-driver/targets/preview/mods/file/Users/xiejiapei/Documents/3D Game/Jump/assets/Scipts/PlayerController.js'Error: ENOENT: no such file or directory, stat '/Users/xiejiapei/Documents/3D Game/Jump/temp/programming/packer-driver/targets/preview/mods/file/Users/xiejiapei/Documents/3D Game/Jump/assets/Scipts/PlayerController.js'
2022-07-30T03:02:36.541Z - error: ENOENT: no such file or directory, stat '/Users/xiejiapei/Documents/3D Game/Jump/temp/programming/packer-driver/targets/preview/mods/cce/internal/code-quality/cr.js'Error: ENOENT: no such file or directory, stat '/Users/xiejiapei/Documents/3D Game/Jump/temp/programming/packer-driver/targets/preview/mods/cce/internal/code-quality/cr.js'
2022-07-30T03:02:36.542Z - error: ENOENT: no such file or directory, stat '/Applications/CocosCreator/Creator/3.5.2/CocosCreator.app/Contents/Resources/resources/3d/engine/bin/.cache/dev/preview/external/%40cocos/ammo.js.js'Error: ENOENT: no such file or directory, stat '/Applications/CocosCreator/Creator/3.5.2/CocosCreator.app/Contents/Resources/resources/3d/engine/bin/.cache/dev/preview/external/%40cocos/ammo.js.js'
2022-07-30T09:20:09.703Z - error: [Preview]load http://localhost:7456/assets/main/index.js failed
2022-07-30T09:20:09.708Z - error: [Preview]Load assets/main/index.js failed!
2022-07-30T09:27:12.574Z - error: [Preview]load http://localhost:7456/scripting/x/chunks/2b/2b403f2c03623099ba2b67db6d809339958c78f9.js failed
2022-07-30T10:48:03.344Z - warn: Metrics: no valid info
